<?xml version="1.0" encoding="UTF-8"?>
<!-- Generated by org.testng.reporters.JUnitXMLReporter -->
<testsuite ignored="0" hostname="DESKTOP-MPMR2HI" failures="0" tests="10" name="Regression" time="24.944" errors="0" timestamp="2023-07-22T14:40:23 EEST">
  <testcase classname="testcases.tabsAndSrcollTest" name="scrollingHomePage" time="7.085"/>
  <testcase classname="testcases.validDrpDwnCntntTest" name="list" time="8.054"/>
  <testcase classname="testcases.Automation_Selenium" name="inputCredentialOnSignInPage" time="8.178"/>
  <testcase classname="testcases.errorMessValidTest" name="errorMassageOnAfterInputOnSingInPage" time="12.473"/>
  <testcase classname="testcases.tabsAndSrcollTest" name="tabsAndSelection" time="3.27"/>
  <testcase classname="testcases.Automation_Selenium" name="openHomePageAndClickSignInBtn" time="3.301"/>
  <testcase classname="testcases.validDrpDwnCntntTest" name="list2" time="4.232"/>
  <testcase classname="testcases.Automation_Selenium" name="validInputFieldsOnSignInPage" time="3.18"/>
  <testcase classname="testcases.validDrpDwnCntntTest" name="openSignUpPage" time="3.223"/>
  <testcase classname="testcases.Automation_Selenium" name="validateCheckbox" time="3.212"/>
</testsuite> <!-- Regression -->
