<?xml version="1.0" encoding="UTF-8"?>
<!-- Generated by org.testng.reporters.JUnitXMLReporter -->
<testsuite ignored="0" hostname="DESKTOP-MPMR2HI" failures="0" tests="4" name="Smoke" time="17.393" errors="0" timestamp="2023-07-22T14:40:40 EEST">
  <testcase classname="testcases.Automation_Selenium" name="inputCredentialOnSignInPage" time="3.662"/>
  <testcase classname="testcases.Automation_Selenium" name="openHomePageAndClickSignInBtn" time="3.215"/>
  <testcase classname="testcases.Automation_Selenium" name="validInputFieldsOnSignInPage" time="3.284"/>
  <testcase classname="testcases.Automation_Selenium" name="validateCheckbox" time="3.369"/>
</testsuite> <!-- Smoke -->
