<?xml version="1.0" encoding="UTF-8"?>
<testng-results ignored="0" total="14" passed="14" failed="0" skipped="0">
  <reporter-output>
  </reporter-output>
  <suite started-at="2023-07-22T14:39:58 EEST" name="Suite1" finished-at="2023-07-22T14:40:40 EEST" duration-ms="42368">
    <groups>
    </groups>
    <test started-at="2023-07-22T14:39:58 EEST" name="Regression" finished-at="2023-07-22T14:40:23 EEST" duration-ms="24944">
      <class name="testcases.tabsAndSrcollTest">
        <test-method is-config="true" signature="startAndFullScreen()[pri:0, instance:testcases.tabsAndSrcollTest@7a69b07]" started-at="2023-07-22T14:39:58 EEST" name="startAndFullScreen" finished-at="2023-07-22T14:40:01 EEST" duration-ms="2822" status="PASS">
          <reporter-output>
          </reporter-output>
        </test-method> <!-- startAndFullScreen -->
        <test-method signature="scrollingHomePage()[pri:0, instance:testcases.tabsAndSrcollTest@7a69b07]" started-at="2023-07-22T14:40:01 EEST" name="scrollingHomePage" finished-at="2023-07-22T14:40:08 EEST" duration-ms="7085" status="PASS">
          <reporter-output>
          </reporter-output>
        </test-method> <!-- scrollingHomePage -->
        <test-method is-config="true" signature="closeBrowser()[pri:0, instance:testcases.tabsAndSrcollTest@7a69b07]" started-at="2023-07-22T14:40:08 EEST" name="closeBrowser" finished-at="2023-07-22T14:40:09 EEST" duration-ms="886" status="PASS">
          <reporter-output>
          </reporter-output>
        </test-method> <!-- closeBrowser -->
        <test-method is-config="true" signature="startAndFullScreen()[pri:0, instance:testcases.tabsAndSrcollTest@7a69b07]" started-at="2023-07-22T14:40:09 EEST" name="startAndFullScreen" finished-at="2023-07-22T14:40:10 EEST" duration-ms="1696" status="PASS">
          <reporter-output>
          </reporter-output>
        </test-method> <!-- startAndFullScreen -->
        <test-method signature="tabsAndSelection()[pri:0, instance:testcases.tabsAndSrcollTest@7a69b07]" started-at="2023-07-22T14:40:10 EEST" name="tabsAndSelection" finished-at="2023-07-22T14:40:14 EEST" duration-ms="3270" status="PASS">
          <reporter-output>
          </reporter-output>
        </test-method> <!-- tabsAndSelection -->
        <test-method is-config="true" signature="closeBrowser()[pri:0, instance:testcases.tabsAndSrcollTest@7a69b07]" started-at="2023-07-22T14:40:14 EEST" name="closeBrowser" finished-at="2023-07-22T14:40:14 EEST" duration-ms="309" status="PASS">
          <reporter-output>
          </reporter-output>
        </test-method> <!-- closeBrowser -->
      </class> <!-- testcases.tabsAndSrcollTest -->
      <class name="testcases.validDrpDwnCntntTest">
        <test-method is-config="true" signature="startAndFullScreen()[pri:0, instance:testcases.validDrpDwnCntntTest@5e82df6a]" started-at="2023-07-22T14:39:58 EEST" name="startAndFullScreen" finished-at="2023-07-22T14:40:01 EEST" duration-ms="2822" status="PASS">
          <reporter-output>
          </reporter-output>
        </test-method> <!-- startAndFullScreen -->
        <test-method signature="list()[pri:0, instance:testcases.validDrpDwnCntntTest@5e82df6a]" started-at="2023-07-22T14:40:01 EEST" name="list" finished-at="2023-07-22T14:40:09 EEST" duration-ms="8054" status="PASS">
          <reporter-output>
          </reporter-output>
        </test-method> <!-- list -->
        <test-method is-config="true" signature="closeBrowser()[pri:0, instance:testcases.validDrpDwnCntntTest@5e82df6a]" started-at="2023-07-22T14:40:09 EEST" name="closeBrowser" finished-at="2023-07-22T14:40:09 EEST" duration-ms="420" status="PASS">
          <reporter-output>
          </reporter-output>
        </test-method> <!-- closeBrowser -->
        <test-method is-config="true" signature="startAndFullScreen()[pri:0, instance:testcases.validDrpDwnCntntTest@5e82df6a]" started-at="2023-07-22T14:40:09 EEST" name="startAndFullScreen" finished-at="2023-07-22T14:40:11 EEST" duration-ms="1523" status="PASS">
          <reporter-output>
          </reporter-output>
        </test-method> <!-- startAndFullScreen -->
        <test-method signature="list2()[pri:0, instance:testcases.validDrpDwnCntntTest@5e82df6a]" started-at="2023-07-22T14:40:11 EEST" name="list2" finished-at="2023-07-22T14:40:15 EEST" duration-ms="4232" status="PASS">
          <reporter-output>
          </reporter-output>
        </test-method> <!-- list2 -->
        <test-method is-config="true" signature="closeBrowser()[pri:0, instance:testcases.validDrpDwnCntntTest@5e82df6a]" started-at="2023-07-22T14:40:15 EEST" name="closeBrowser" finished-at="2023-07-22T14:40:15 EEST" duration-ms="262" status="PASS">
          <reporter-output>
          </reporter-output>
        </test-method> <!-- closeBrowser -->
        <test-method is-config="true" signature="startAndFullScreen()[pri:0, instance:testcases.validDrpDwnCntntTest@5e82df6a]" started-at="2023-07-22T14:40:15 EEST" name="startAndFullScreen" finished-at="2023-07-22T14:40:16 EEST" duration-ms="823" status="PASS">
          <reporter-output>
          </reporter-output>
        </test-method> <!-- startAndFullScreen -->
        <test-method signature="openSignUpPage()[pri:0, instance:testcases.validDrpDwnCntntTest@5e82df6a]" started-at="2023-07-22T14:40:16 EEST" name="openSignUpPage" finished-at="2023-07-22T14:40:19 EEST" duration-ms="3223" status="PASS">
          <reporter-output>
          </reporter-output>
        </test-method> <!-- openSignUpPage -->
        <test-method is-config="true" signature="closeBrowser()[pri:0, instance:testcases.validDrpDwnCntntTest@5e82df6a]" started-at="2023-07-22T14:40:19 EEST" name="closeBrowser" finished-at="2023-07-22T14:40:20 EEST" duration-ms="207" status="PASS">
          <reporter-output>
          </reporter-output>
        </test-method> <!-- closeBrowser -->
      </class> <!-- testcases.validDrpDwnCntntTest -->
      <class name="testcases.Automation_Selenium">
        <test-method is-config="true" signature="startAndFullScreen()[pri:0, instance:testcases.Automation_Selenium@3ba9ad43]" started-at="2023-07-22T14:39:58 EEST" name="startAndFullScreen" finished-at="2023-07-22T14:40:01 EEST" duration-ms="2835" status="PASS">
          <reporter-output>
          </reporter-output>
        </test-method> <!-- startAndFullScreen -->
        <test-method signature="inputCredentialOnSignInPage()[pri:0, instance:testcases.Automation_Selenium@3ba9ad43]" started-at="2023-07-22T14:40:01 EEST" name="inputCredentialOnSignInPage" finished-at="2023-07-22T14:40:09 EEST" duration-ms="8178" status="PASS">
          <reporter-output>
          </reporter-output>
        </test-method> <!-- inputCredentialOnSignInPage -->
        <test-method is-config="true" signature="closeBrowser()[pri:0, instance:testcases.Automation_Selenium@3ba9ad43]" started-at="2023-07-22T14:40:09 EEST" name="closeBrowser" finished-at="2023-07-22T14:40:09 EEST" duration-ms="285" status="PASS">
          <reporter-output>
          </reporter-output>
        </test-method> <!-- closeBrowser -->
        <test-method is-config="true" signature="startAndFullScreen()[pri:0, instance:testcases.Automation_Selenium@3ba9ad43]" started-at="2023-07-22T14:40:09 EEST" name="startAndFullScreen" finished-at="2023-07-22T14:40:11 EEST" duration-ms="1584" status="PASS">
          <reporter-output>
          </reporter-output>
        </test-method> <!-- startAndFullScreen -->
        <test-method signature="openHomePageAndClickSignInBtn()[pri:0, instance:testcases.Automation_Selenium@3ba9ad43]" started-at="2023-07-22T14:40:11 EEST" name="openHomePageAndClickSignInBtn" finished-at="2023-07-22T14:40:14 EEST" duration-ms="3301" status="PASS">
          <reporter-output>
          </reporter-output>
        </test-method> <!-- openHomePageAndClickSignInBtn -->
        <test-method is-config="true" signature="closeBrowser()[pri:0, instance:testcases.Automation_Selenium@3ba9ad43]" started-at="2023-07-22T14:40:14 EEST" name="closeBrowser" finished-at="2023-07-22T14:40:14 EEST" duration-ms="144" status="PASS">
          <reporter-output>
          </reporter-output>
        </test-method> <!-- closeBrowser -->
        <test-method is-config="true" signature="startAndFullScreen()[pri:0, instance:testcases.Automation_Selenium@3ba9ad43]" started-at="2023-07-22T14:40:14 EEST" name="startAndFullScreen" finished-at="2023-07-22T14:40:15 EEST" duration-ms="935" status="PASS">
          <reporter-output>
          </reporter-output>
        </test-method> <!-- startAndFullScreen -->
        <test-method signature="validInputFieldsOnSignInPage()[pri:0, instance:testcases.Automation_Selenium@3ba9ad43]" started-at="2023-07-22T14:40:15 EEST" name="validInputFieldsOnSignInPage" finished-at="2023-07-22T14:40:18 EEST" duration-ms="3180" status="PASS">
          <reporter-output>
          </reporter-output>
        </test-method> <!-- validInputFieldsOnSignInPage -->
        <test-method is-config="true" signature="closeBrowser()[pri:0, instance:testcases.Automation_Selenium@3ba9ad43]" started-at="2023-07-22T14:40:18 EEST" name="closeBrowser" finished-at="2023-07-22T14:40:19 EEST" duration-ms="117" status="PASS">
          <reporter-output>
          </reporter-output>
        </test-method> <!-- closeBrowser -->
        <test-method is-config="true" signature="startAndFullScreen()[pri:0, instance:testcases.Automation_Selenium@3ba9ad43]" started-at="2023-07-22T14:40:19 EEST" name="startAndFullScreen" finished-at="2023-07-22T14:40:20 EEST" duration-ms="967" status="PASS">
          <reporter-output>
          </reporter-output>
        </test-method> <!-- startAndFullScreen -->
        <test-method signature="validateCheckbox()[pri:0, instance:testcases.Automation_Selenium@3ba9ad43]" started-at="2023-07-22T14:40:20 EEST" name="validateCheckbox" finished-at="2023-07-22T14:40:23 EEST" duration-ms="3212" status="PASS">
          <reporter-output>
          </reporter-output>
        </test-method> <!-- validateCheckbox -->
        <test-method is-config="true" signature="closeBrowser()[pri:0, instance:testcases.Automation_Selenium@3ba9ad43]" started-at="2023-07-22T14:40:23 EEST" name="closeBrowser" finished-at="2023-07-22T14:40:23 EEST" duration-ms="160" status="PASS">
          <reporter-output>
          </reporter-output>
        </test-method> <!-- closeBrowser -->
      </class> <!-- testcases.Automation_Selenium -->
      <class name="testcases.errorMessValidTest">
        <test-method is-config="true" signature="startAndFullScreen()[pri:0, instance:testcases.errorMessValidTest@1139b2f3]" started-at="2023-07-22T14:39:58 EEST" name="startAndFullScreen" finished-at="2023-07-22T14:40:01 EEST" duration-ms="2822" status="PASS">
          <reporter-output>
          </reporter-output>
        </test-method> <!-- startAndFullScreen -->
        <test-method signature="errorMassageOnAfterInputOnSingInPage()[pri:0, instance:testcases.errorMessValidTest@1139b2f3]" started-at="2023-07-22T14:40:01 EEST" name="errorMassageOnAfterInputOnSingInPage" finished-at="2023-07-22T14:40:13 EEST" duration-ms="12473" status="PASS">
          <reporter-output>
          </reporter-output>
        </test-method> <!-- errorMassageOnAfterInputOnSingInPage -->
        <test-method is-config="true" signature="closeBrowser()[pri:0, instance:testcases.errorMessValidTest@1139b2f3]" started-at="2023-07-22T14:40:13 EEST" name="closeBrowser" finished-at="2023-07-22T14:40:14 EEST" duration-ms="1134" status="PASS">
          <reporter-output>
          </reporter-output>
        </test-method> <!-- closeBrowser -->
      </class> <!-- testcases.errorMessValidTest -->
    </test> <!-- Regression -->
    <test started-at="2023-07-22T14:40:23 EEST" name="Smoke" finished-at="2023-07-22T14:40:40 EEST" duration-ms="17393">
      <class name="testcases.Automation_Selenium">
        <test-method is-config="true" signature="startAndFullScreen()[pri:0, instance:testcases.Automation_Selenium@56620197]" started-at="2023-07-22T14:40:23 EEST" name="startAndFullScreen" finished-at="2023-07-22T14:40:24 EEST" duration-ms="766" status="PASS">
          <reporter-output>
          </reporter-output>
        </test-method> <!-- startAndFullScreen -->
        <test-method signature="inputCredentialOnSignInPage()[pri:0, instance:testcases.Automation_Selenium@56620197]" started-at="2023-07-22T14:40:24 EEST" name="inputCredentialOnSignInPage" finished-at="2023-07-22T14:40:27 EEST" duration-ms="3662" status="PASS">
          <reporter-output>
          </reporter-output>
        </test-method> <!-- inputCredentialOnSignInPage -->
        <test-method is-config="true" signature="closeBrowser()[pri:0, instance:testcases.Automation_Selenium@56620197]" started-at="2023-07-22T14:40:27 EEST" name="closeBrowser" finished-at="2023-07-22T14:40:28 EEST" duration-ms="162" status="PASS">
          <reporter-output>
          </reporter-output>
        </test-method> <!-- closeBrowser -->
        <test-method is-config="true" signature="startAndFullScreen()[pri:0, instance:testcases.Automation_Selenium@56620197]" started-at="2023-07-22T14:40:28 EEST" name="startAndFullScreen" finished-at="2023-07-22T14:40:28 EEST" duration-ms="818" status="PASS">
          <reporter-output>
          </reporter-output>
        </test-method> <!-- startAndFullScreen -->
        <test-method signature="openHomePageAndClickSignInBtn()[pri:0, instance:testcases.Automation_Selenium@56620197]" started-at="2023-07-22T14:40:28 EEST" name="openHomePageAndClickSignInBtn" finished-at="2023-07-22T14:40:32 EEST" duration-ms="3215" status="PASS">
          <reporter-output>
          </reporter-output>
        </test-method> <!-- openHomePageAndClickSignInBtn -->
        <test-method is-config="true" signature="closeBrowser()[pri:0, instance:testcases.Automation_Selenium@56620197]" started-at="2023-07-22T14:40:32 EEST" name="closeBrowser" finished-at="2023-07-22T14:40:32 EEST" duration-ms="163" status="PASS">
          <reporter-output>
          </reporter-output>
        </test-method> <!-- closeBrowser -->
        <test-method is-config="true" signature="startAndFullScreen()[pri:0, instance:testcases.Automation_Selenium@56620197]" started-at="2023-07-22T14:40:32 EEST" name="startAndFullScreen" finished-at="2023-07-22T14:40:33 EEST" duration-ms="802" status="PASS">
          <reporter-output>
          </reporter-output>
        </test-method> <!-- startAndFullScreen -->
        <test-method signature="validInputFieldsOnSignInPage()[pri:0, instance:testcases.Automation_Selenium@56620197]" started-at="2023-07-22T14:40:33 EEST" name="validInputFieldsOnSignInPage" finished-at="2023-07-22T14:40:36 EEST" duration-ms="3284" status="PASS">
          <reporter-output>
          </reporter-output>
        </test-method> <!-- validInputFieldsOnSignInPage -->
        <test-method is-config="true" signature="closeBrowser()[pri:0, instance:testcases.Automation_Selenium@56620197]" started-at="2023-07-22T14:40:36 EEST" name="closeBrowser" finished-at="2023-07-22T14:40:36 EEST" duration-ms="144" status="PASS">
          <reporter-output>
          </reporter-output>
        </test-method> <!-- closeBrowser -->
        <test-method is-config="true" signature="startAndFullScreen()[pri:0, instance:testcases.Automation_Selenium@56620197]" started-at="2023-07-22T14:40:36 EEST" name="startAndFullScreen" finished-at="2023-07-22T14:40:37 EEST" duration-ms="857" status="PASS">
          <reporter-output>
          </reporter-output>
        </test-method> <!-- startAndFullScreen -->
        <test-method signature="validateCheckbox()[pri:0, instance:testcases.Automation_Selenium@56620197]" started-at="2023-07-22T14:40:37 EEST" name="validateCheckbox" finished-at="2023-07-22T14:40:40 EEST" duration-ms="3369" status="PASS">
          <reporter-output>
          </reporter-output>
        </test-method> <!-- validateCheckbox -->
        <test-method is-config="true" signature="closeBrowser()[pri:0, instance:testcases.Automation_Selenium@56620197]" started-at="2023-07-22T14:40:40 EEST" name="closeBrowser" finished-at="2023-07-22T14:40:40 EEST" duration-ms="139" status="PASS">
          <reporter-output>
          </reporter-output>
        </test-method> <!-- closeBrowser -->
      </class> <!-- testcases.Automation_Selenium -->
    </test> <!-- Smoke -->
  </suite> <!-- Suite1 -->
</testng-results>
